2021.05.04 23:00:31 INFO  es[][o.e.n.Node] version[7.11.2], pid[31], build[default/tar/3e5a16cfec50876d20ea77b075070932c6464c7d/2021-03-06T05:54:38.141101Z], OS[Linux/5.8.0-50-generic/amd64], JVM[AdoptOpenJDK/OpenJDK 64-Bit Server VM/11.0.10/11.0.10+9]
2021.05.04 23:00:31 INFO  es[][o.e.n.Node] JVM home [/opt/java/openjdk]
2021.05.04 23:00:31 INFO  es[][o.e.n.Node] JVM arguments [-XX:+UseConcMarkSweepGC, -XX:CMSInitiatingOccupancyFraction=75, -XX:+UseCMSInitiatingOccupancyOnly, -Djava.io.tmpdir=/opt/sonarqube/temp, -XX:ErrorFile=../logs/es_hs_err_pid%p.log, -Des.networkaddress.cache.ttl=60, -Des.networkaddress.cache.negative.ttl=10, -XX:+AlwaysPreTouch, -Xss1m, -Djava.awt.headless=true, -Dfile.encoding=UTF-8, -Djna.nosys=true, -XX:-OmitStackTraceInFastThrow, -Dio.netty.noUnsafe=true, -Dio.netty.noKeySetOptimization=true, -Dio.netty.recycler.maxCapacityPerThread=0, -Dio.netty.allocator.numDirectArenas=0, -Dlog4j.shutdownHookEnabled=false, -Dlog4j2.disable.jmx=true, -Djava.locale.providers=COMPAT, -Des.enforce.bootstrap.checks=true, -Xmx512m, -Xms512m, -XX:MaxDirectMemorySize=256m, -XX:+HeapDumpOnOutOfMemoryError, -Des.path.home=/opt/sonarqube/elasticsearch, -Des.path.conf=/opt/sonarqube/temp/conf/es, -Des.distribution.flavor=default, -Des.distribution.type=tar, -Des.bundled_jdk=false]
2021.05.04 23:00:35 INFO  es[][o.e.p.PluginsService] loaded module [analysis-common]
2021.05.04 23:00:35 INFO  es[][o.e.p.PluginsService] loaded module [lang-painless]
2021.05.04 23:00:35 INFO  es[][o.e.p.PluginsService] loaded module [parent-join]
2021.05.04 23:00:35 INFO  es[][o.e.p.PluginsService] loaded module [percolator]
2021.05.04 23:00:35 INFO  es[][o.e.p.PluginsService] loaded module [transport-netty4]
2021.05.04 23:00:35 INFO  es[][o.e.p.PluginsService] no plugins loaded
2021.05.04 23:00:36 INFO  es[][o.e.e.NodeEnvironment] using [1] data paths, mounts [[/opt/sonarqube/data (/dev/sda5)]], net usable_space [5.2gb], net total_space [38.6gb], types [ext4]
2021.05.04 23:00:36 INFO  es[][o.e.e.NodeEnvironment] heap size [503.6mb], compressed ordinary object pointers [true]
2021.05.04 23:00:36 INFO  es[][o.e.n.Node] node name [sonarqube], node ID [Qra4P5zdSLSmhuINYSDfNw], cluster name [sonarqube], roles [master, remote_cluster_client, data, ingest]
2021.05.04 23:00:56 INFO  es[][o.e.t.NettyAllocator] creating NettyAllocator with the following configs: [name=unpooled, suggested_max_allocation_size=1mb, factors={es.unsafe.use_unpooled_allocator=null, g1gc_enabled=false, g1gc_region_size=0b, heap_size=503.6mb}]
2021.05.04 23:00:56 INFO  es[][o.e.d.DiscoveryModule] using discovery type [zen] and seed hosts providers [settings]
2021.05.04 23:00:58 INFO  es[][o.e.g.DanglingIndicesState] gateway.auto_import_dangling_indices is disabled, dangling indices will not be automatically detected or imported and must be managed manually
2021.05.04 23:00:59 INFO  es[][o.e.n.Node] initialized
2021.05.04 23:00:59 INFO  es[][o.e.n.Node] starting ...
2021.05.04 23:00:59 INFO  es[][o.e.t.TransportService] publish_address {127.0.0.1:36991}, bound_addresses {127.0.0.1:36991}
2021.05.04 23:01:00 INFO  es[][o.e.b.BootstrapChecks] explicitly enforcing bootstrap checks
2021.05.04 23:01:00 INFO  es[][o.e.c.c.Coordinator] setting initial configuration to VotingConfiguration{Qra4P5zdSLSmhuINYSDfNw}
2021.05.04 23:01:01 INFO  es[][o.e.c.s.MasterService] elected-as-master ([1] nodes joined)[{sonarqube}{Qra4P5zdSLSmhuINYSDfNw}{qafC3Dj9QXCPASSaNnom9w}{127.0.0.1}{127.0.0.1:36991}{dimr}{rack_id=sonarqube} elect leader, _BECOME_MASTER_TASK_, _FINISH_ELECTION_], term: 1, version: 1, delta: master node changed {previous [], current [{sonarqube}{Qra4P5zdSLSmhuINYSDfNw}{qafC3Dj9QXCPASSaNnom9w}{127.0.0.1}{127.0.0.1:36991}{dimr}{rack_id=sonarqube}]}
2021.05.04 23:01:01 INFO  es[][o.e.c.c.CoordinationState] cluster UUID set to [FOTL3AvISnOnE8hQUL6xIA]
2021.05.04 23:01:01 INFO  es[][o.e.c.s.ClusterApplierService] master node changed {previous [], current [{sonarqube}{Qra4P5zdSLSmhuINYSDfNw}{qafC3Dj9QXCPASSaNnom9w}{127.0.0.1}{127.0.0.1:36991}{dimr}{rack_id=sonarqube}]}, term: 1, version: 1, reason: Publication{term=1, version=1}
2021.05.04 23:01:01 INFO  es[][o.e.h.AbstractHttpServerTransport] publish_address {127.0.0.1:9001}, bound_addresses {127.0.0.1:9001}
2021.05.04 23:01:01 INFO  es[][o.e.n.Node] started
2021.05.04 23:01:01 INFO  es[][o.e.g.GatewayService] recovered [0] indices into cluster_state
2021.05.04 23:01:31 INFO  es[][o.e.c.r.a.DiskThresholdMonitor] low disk watermark [85%] exceeded on [Qra4P5zdSLSmhuINYSDfNw][sonarqube][/opt/sonarqube/data/es7/nodes/0] free: 5gb[13.1%], replicas will not be assigned to this node
2021.05.04 23:01:47 INFO  es[][o.e.c.m.MetadataCreateIndexService] [metadatas] creating index, cause [api], templates [], shards [1]/[0]
2021.05.04 23:01:49 INFO  es[][o.e.c.r.a.AllocationService] Cluster health status changed from [YELLOW] to [GREEN] (reason: [shards started [[metadatas][0]]]).
2021.05.04 23:01:50 INFO  es[][o.e.c.m.MetadataMappingService] [metadatas/M-C-H3tiQjmi4GGZJAWTSQ] create_mapping [metadata]
2021.05.04 23:01:51 INFO  es[][o.e.c.m.MetadataCreateIndexService] [components] creating index, cause [api], templates [], shards [5]/[0]
2021.05.04 23:01:53 INFO  es[][o.e.c.r.a.AllocationService] Cluster health status changed from [YELLOW] to [GREEN] (reason: [shards started [[components][4]]]).
2021.05.04 23:01:53 INFO  es[][o.e.c.m.MetadataMappingService] [components/VmNX-D9NSoSJg6CMQao8hg] create_mapping [auth]
2021.05.04 23:01:54 INFO  es[][o.e.c.m.MetadataCreateIndexService] [projectmeasures] creating index, cause [api], templates [], shards [5]/[0]
2021.05.04 23:01:55 INFO  es[][o.e.c.r.a.AllocationService] Cluster health status changed from [YELLOW] to [GREEN] (reason: [shards started [[projectmeasures][4]]]).
2021.05.04 23:01:55 INFO  es[][o.e.c.m.MetadataMappingService] [projectmeasures/l033VoerSiyRexAeOrMxSw] create_mapping [auth]
2021.05.04 23:01:56 INFO  es[][o.e.c.m.MetadataCreateIndexService] [rules] creating index, cause [api], templates [], shards [2]/[0]
2021.05.04 23:01:57 INFO  es[][o.e.c.r.a.AllocationService] Cluster health status changed from [YELLOW] to [GREEN] (reason: [shards started [[rules][0]]]).
2021.05.04 23:01:57 INFO  es[][o.e.c.m.MetadataMappingService] [rules/NrEsDlnOQLKaFexrWY9-Vw] create_mapping [rule]
2021.05.04 23:01:58 INFO  es[][o.e.c.m.MetadataCreateIndexService] [issues] creating index, cause [api], templates [], shards [5]/[0]
2021.05.04 23:01:59 INFO  es[][o.e.c.r.a.AllocationService] Cluster health status changed from [YELLOW] to [GREEN] (reason: [shards started [[issues][4]]]).
2021.05.04 23:01:59 INFO  es[][o.e.c.m.MetadataMappingService] [issues/POghTTBIS-avCB80OzUBdA] create_mapping [auth]
2021.05.04 23:01:59 INFO  es[][o.e.c.m.MetadataCreateIndexService] [users] creating index, cause [api], templates [], shards [1]/[0]
2021.05.04 23:02:00 INFO  es[][o.e.c.r.a.AllocationService] Cluster health status changed from [YELLOW] to [GREEN] (reason: [shards started [[users][0]]]).
2021.05.04 23:02:00 INFO  es[][o.e.c.m.MetadataMappingService] [users/kqhvgnbySsOtlxUZzM2WRg] create_mapping [user]
2021.05.04 23:02:00 INFO  es[][o.e.c.m.MetadataCreateIndexService] [views] creating index, cause [api], templates [], shards [5]/[0]
2021.05.04 23:02:01 INFO  es[][o.e.c.r.a.AllocationService] Cluster health status changed from [YELLOW] to [GREEN] (reason: [shards started [[views][4]]]).
2021.05.04 23:02:01 INFO  es[][o.e.c.m.MetadataMappingService] [views/S1aTfjq9RzKQzaUtOJ6UyQ] create_mapping [view]
2021.05.04 23:03:45 INFO  es[][o.e.c.s.IndexScopedSettings] updating [index.refresh_interval] from [30s] to [-1]
2021.05.04 23:03:45 INFO  es[][o.e.c.s.IndexScopedSettings] updating [index.refresh_interval] from [30s] to [-1]
2021.05.04 23:03:45 INFO  es[][o.e.c.s.IndexScopedSettings] updating [index.refresh_interval] from [-1] to [30s]
2021.05.04 23:03:45 INFO  es[][o.e.c.s.IndexScopedSettings] updating [index.refresh_interval] from [-1] to [30s]
2021.05.04 23:03:46 INFO  es[][o.e.c.s.IndexScopedSettings] updating [index.refresh_interval] from [30s] to [-1]
2021.05.04 23:03:46 INFO  es[][o.e.c.s.IndexScopedSettings] updating [index.refresh_interval] from [30s] to [-1]
2021.05.04 23:03:46 INFO  es[][o.e.c.s.IndexScopedSettings] updating [index.refresh_interval] from [-1] to [30s]
2021.05.04 23:03:46 INFO  es[][o.e.c.s.IndexScopedSettings] updating [index.refresh_interval] from [-1] to [30s]
2021.05.04 23:51:32 WARN  es[][o.e.c.r.a.DiskThresholdMonitor] high disk watermark [90%] exceeded on [Qra4P5zdSLSmhuINYSDfNw][sonarqube][/opt/sonarqube/data/es7/nodes/0] free: 3.8gb[9.9%], shards will be relocated away from this node; currently relocating away shards totalling [0] bytes; the node is expected to continue to exceed the high disk watermark when these relocations are complete
2021.05.04 23:52:32 INFO  es[][o.e.c.r.a.DiskThresholdMonitor] high disk watermark [90%] no longer exceeded on [Qra4P5zdSLSmhuINYSDfNw][sonarqube][/opt/sonarqube/data/es7/nodes/0] free: 3.9gb[10.1%], but low disk watermark [85%] is still exceeded
2021.05.04 23:55:02 WARN  es[][o.e.c.r.a.DiskThresholdMonitor] high disk watermark [90%] exceeded on [Qra4P5zdSLSmhuINYSDfNw][sonarqube][/opt/sonarqube/data/es7/nodes/0] free: 3.8gb[9.9%], shards will be relocated away from this node; currently relocating away shards totalling [0] bytes; the node is expected to continue to exceed the high disk watermark when these relocations are complete
2021.05.04 23:56:32 WARN  es[][o.e.c.r.a.DiskThresholdMonitor] high disk watermark [90%] exceeded on [Qra4P5zdSLSmhuINYSDfNw][sonarqube][/opt/sonarqube/data/es7/nodes/0] free: 3.7gb[9.8%], shards will be relocated away from this node; currently relocating away shards totalling [0] bytes; the node is expected to continue to exceed the high disk watermark when these relocations are complete
2021.05.04 23:58:02 WARN  es[][o.e.c.r.a.DiskThresholdMonitor] high disk watermark [90%] exceeded on [Qra4P5zdSLSmhuINYSDfNw][sonarqube][/opt/sonarqube/data/es7/nodes/0] free: 3.7gb[9.6%], shards will be relocated away from this node; currently relocating away shards totalling [0] bytes; the node is expected to continue to exceed the high disk watermark when these relocations are complete
2021.05.04 23:59:32 WARN  es[][o.e.c.r.a.DiskThresholdMonitor] high disk watermark [90%] exceeded on [Qra4P5zdSLSmhuINYSDfNw][sonarqube][/opt/sonarqube/data/es7/nodes/0] free: 3.7gb[9.8%], shards will be relocated away from this node; currently relocating away shards totalling [0] bytes; the node is expected to continue to exceed the high disk watermark when these relocations are complete
