2021.05.05 05:51:08 INFO  app[][o.s.a.AppFileSystem] Cleaning or creating temp directory /opt/sonarqube/temp
2021.05.05 05:51:08 INFO  app[][o.s.a.es.EsSettings] Elasticsearch listening on [HTTP: 127.0.0.1:9001, TCP: 127.0.0.1:39113]
2021.05.05 05:51:09 INFO  app[][o.s.a.ProcessLauncherImpl] Launch process[[key='es', ipcIndex=1, logFilenamePrefix=es]] from [/opt/sonarqube/elasticsearch]: /opt/sonarqube/elasticsearch/bin/elasticsearch
2021.05.05 05:51:09 INFO  app[][o.s.a.SchedulerImpl] Waiting for Elasticsearch to be up and running
2021.05.05 05:52:05 INFO  app[][o.s.a.SchedulerImpl] Process[es] is up
2021.05.05 05:52:05 INFO  app[][o.s.a.ProcessLauncherImpl] Launch process[[key='web', ipcIndex=2, logFilenamePrefix=web]] from [/opt/sonarqube]: /opt/java/openjdk/bin/java -Djava.awt.headless=true -Dfile.encoding=UTF-8 -Djava.io.tmpdir=/opt/sonarqube/temp -XX:-OmitStackTraceInFastThrow --add-opens=java.base/java.util=ALL-UNNAMED --add-opens=java.base/java.lang=ALL-UNNAMED --add-opens=java.base/java.io=ALL-UNNAMED --add-opens=java.rmi/sun.rmi.transport=ALL-UNNAMED -Xmx512m -Xms128m -XX:+HeapDumpOnOutOfMemoryError -Dhttp.nonProxyHosts=localhost|127.*|[::1] -cp ./lib/common/*:/opt/sonarqube/lib/jdbc/postgresql/postgresql-42.2.19.jar org.sonar.server.app.WebServer /opt/sonarqube/temp/sq-process1924477109197365594properties
2021.05.05 05:53:24 INFO  app[][o.s.a.SchedulerImpl] Process[web] is up
2021.05.05 05:53:24 INFO  app[][o.s.a.ProcessLauncherImpl] Launch process[[key='ce', ipcIndex=3, logFilenamePrefix=ce]] from [/opt/sonarqube]: /opt/java/openjdk/bin/java -Djava.awt.headless=true -Dfile.encoding=UTF-8 -Djava.io.tmpdir=/opt/sonarqube/temp -XX:-OmitStackTraceInFastThrow --add-opens=java.base/java.util=ALL-UNNAMED -Xmx1192m -Dsonar.web.javaOpts=-Xmx1192m -Dhttp.nonProxyHosts=localhost|127.*|[::1] -cp ./lib/common/*:/opt/sonarqube/lib/jdbc/postgresql/postgresql-42.2.19.jar org.sonar.ce.app.CeServer /opt/sonarqube/temp/sq-process12010495235517213391properties
2021.05.05 05:53:52 INFO  app[][o.s.a.SchedulerImpl] Process[ce] is up
2021.05.05 05:53:52 INFO  app[][o.s.a.SchedulerImpl] SonarQube is up
2021.05.05 06:16:47 INFO  app[][o.s.a.AppFileSystem] Cleaning or creating temp directory /opt/sonarqube/temp
2021.05.05 06:16:47 INFO  app[][o.s.a.es.EsSettings] Elasticsearch listening on [HTTP: 127.0.0.1:9001, TCP: 127.0.0.1:35857]
2021.05.05 06:16:48 INFO  app[][o.s.a.ProcessLauncherImpl] Launch process[[key='es', ipcIndex=1, logFilenamePrefix=es]] from [/opt/sonarqube/elasticsearch]: /opt/sonarqube/elasticsearch/bin/elasticsearch
2021.05.05 06:16:48 INFO  app[][o.s.a.SchedulerImpl] Waiting for Elasticsearch to be up and running
2021.05.05 06:17:45 INFO  app[][o.s.a.SchedulerImpl] Process[es] is up
2021.05.05 06:17:45 INFO  app[][o.s.a.ProcessLauncherImpl] Launch process[[key='web', ipcIndex=2, logFilenamePrefix=web]] from [/opt/sonarqube]: /opt/java/openjdk/bin/java -Djava.awt.headless=true -Dfile.encoding=UTF-8 -Djava.io.tmpdir=/opt/sonarqube/temp -XX:-OmitStackTraceInFastThrow --add-opens=java.base/java.util=ALL-UNNAMED --add-opens=java.base/java.lang=ALL-UNNAMED --add-opens=java.base/java.io=ALL-UNNAMED --add-opens=java.rmi/sun.rmi.transport=ALL-UNNAMED -Xmx512m -Xms128m -XX:+HeapDumpOnOutOfMemoryError -Dhttp.nonProxyHosts=localhost|127.*|[::1] -cp ./lib/common/*:/opt/sonarqube/lib/jdbc/postgresql/postgresql-42.2.19.jar org.sonar.server.app.WebServer /opt/sonarqube/temp/sq-process16087755419382608849properties
2021.05.05 06:19:27 INFO  app[][o.s.a.SchedulerImpl] Process[web] is up
2021.05.05 06:19:27 INFO  app[][o.s.a.ProcessLauncherImpl] Launch process[[key='ce', ipcIndex=3, logFilenamePrefix=ce]] from [/opt/sonarqube]: /opt/java/openjdk/bin/java -Djava.awt.headless=true -Dfile.encoding=UTF-8 -Djava.io.tmpdir=/opt/sonarqube/temp -XX:-OmitStackTraceInFastThrow --add-opens=java.base/java.util=ALL-UNNAMED -Xmx1192m -Dsonar.web.javaOpts=-Xmx1192m -Dhttp.nonProxyHosts=localhost|127.*|[::1] -cp ./lib/common/*:/opt/sonarqube/lib/jdbc/postgresql/postgresql-42.2.19.jar org.sonar.ce.app.CeServer /opt/sonarqube/temp/sq-process2157478869834335402properties
2021.05.05 06:19:54 INFO  app[][o.s.a.SchedulerImpl] Process[ce] is up
2021.05.05 06:19:54 INFO  app[][o.s.a.SchedulerImpl] SonarQube is up
2021.05.05 23:14:30 INFO  app[][o.s.a.SchedulerImpl] Stopping SonarQube
2021.05.05 23:14:31 INFO  app[][o.s.a.SchedulerImpl] Process[ce] is stopped
2021.05.05 23:14:32 INFO  app[][o.s.a.SchedulerImpl] Process[web] is stopped
2021.05.05 23:14:33 INFO  app[][o.s.a.SchedulerImpl] Process[es] is stopped
2021.05.05 23:14:33 INFO  app[][o.s.a.SchedulerImpl] SonarQube is stopped
2021.05.05 23:14:33 WARN  app[][o.s.a.p.AbstractManagedProcess] Process exited with exit value [es]: 143
